2024-10-02 17:01:22 INFO XMLTooling.Config : xmltooling 3.2.4 library initialization complete
2024-10-02 17:01:22 INFO OpenSAML.Config : opensaml 3.2.1 library initialization complete
2024-10-02 17:01:22 INFO Shibboleth.Config : shibboleth 3.4.1 library initialization complete
2024-10-02 17:01:22 INFO Shibboleth.Config : loaded XML resource (C:/Users/BrendonK/Desktop/electionCapping24/backend/shibboleth-sp/etc/shibboleth/shibboleth2.xml)
2024-10-02 17:01:22 INFO Shibboleth.Config : Shibboleth SP Version 3.4.1
2024-10-02 17:01:22 INFO Shibboleth.Config : Library versions: log4shib 2.0.1, Xerces-C 3.2.4, XML-Security-C 2.0.4, XMLTooling-C 3.2.4, OpenSAML-C 3.2.1, Shibboleth 3.4.1
2024-10-02 17:01:22 INFO Shibboleth.Config : building ListenerService of type TCPListener...
2024-10-02 17:01:22 INFO Shibboleth.Listener : using socket address: 127.0.0.1
2024-10-02 17:01:22 INFO Shibboleth.Listener : using socket port: 1600
2024-10-02 17:01:22 INFO Shibboleth.Config : no StorageService plugin(s) installed, using (mem) in-memory instance
2024-10-02 17:01:22 INFO Shibboleth.Config : no ReplayCache specified, using arbitrary StorageService instance
2024-10-02 17:01:22 INFO Shibboleth.Config : no ArtifactMap specified, building in-memory ArtifactMap...
2024-10-02 17:01:22 INFO Shibboleth.Config : no SessionCache specified, using StorageService-backed instance
2024-10-02 17:01:22 INFO XMLTooling.StorageService : cleanup thread started...running every 900 seconds
2024-10-02 17:01:22 INFO Shibboleth.SessionCache : bound to arbitrary StorageService
2024-10-02 17:01:22 INFO Shibboleth.SessionCache : StorageService for 'lite' use not set, using standard StorageService
2024-10-02 17:01:22 INFO Shibboleth.Config : building SecurityPolicyProvider of type XML...
2024-10-02 17:01:22 INFO Shibboleth.SecurityPolicyProvider.XML : loaded XML resource (C:/Users/BrendonK/Desktop/electionCapping24/backend/shibboleth-sp/etc/shibboleth/security-policy.xml)
2024-10-02 17:01:22 INFO OpenSAML.SecurityPolicyRule.Conditions : building SecurityPolicyRule of type Audience
2024-10-02 17:01:22 INFO OpenSAML.SecurityPolicyRule.MessageFlow : enabling request/response correlation checking to block unsolicited responses
2024-10-02 17:01:22 INFO OpenSAML.SecurityPolicyRule.Conditions : building SecurityPolicyRule of type Audience
2024-10-02 17:01:22 INFO OpenSAML.SecurityPolicyRule.BearerConfirmation : enabling request/response correlation checking to block unsolicited responses
2024-10-02 17:01:22 INFO OpenSAML.SecurityPolicyRule.Conditions : building SecurityPolicyRule of type Audience
2024-10-02 17:01:22 INFO OpenSAML.SecurityPolicyRule.Conditions : building SecurityPolicyRule of type Ignore
2024-10-02 17:01:22 INFO OpenSAML.SecurityPolicyRule.Conditions : building SecurityPolicyRule of type Ignore
2024-10-02 17:01:22 INFO OpenSAML.SecurityPolicyRule.Conditions : building SecurityPolicyRule of type Ignore
2024-10-02 17:01:22 INFO Shibboleth.Config : automatically excluding security algorithm (http://www.w3.org/2001/04/xmldsig-more#rsa-md5)
2024-10-02 17:01:22 INFO Shibboleth.Config : automatically excluding security algorithm (http://www.w3.org/2001/04/xmldsig-more#md5)
2024-10-02 17:01:22 INFO Shibboleth.Config : automatically excluding security algorithm (http://www.w3.org/2001/04/xmlenc#rsa-1_5)
2024-10-02 17:01:22 INFO Shibboleth.Config : building ProtocolProvider of type XML...
2024-10-02 17:01:22 INFO Shibboleth.ProtocolProvider.XML : loaded XML resource (C:/Users/BrendonK/Desktop/electionCapping24/backend/shibboleth-sp/etc/shibboleth/protocols.xml)
2024-10-02 17:01:22 INFO Shibboleth.Application : auto-configuring SSO initiation for protocol (SAML2)
2024-10-02 17:01:22 INFO Shibboleth.Application : adding SessionInitiator of type (SAML2) to chain (/Login)
2024-10-02 17:01:22 INFO Shibboleth.Application : auto-configuring ArtifactResolution endpoints for protocol (SAML2)
2024-10-02 17:01:22 INFO Shibboleth.Application : adding ArtifactResolutionService for Binding (urn:oasis:names:tc:SAML:2.0:bindings:SOAP) at (/Artifact/SOAP)
2024-10-02 17:01:22 INFO Shibboleth.Application : auto-configuring SSO endpoints for protocol (SAML2)
2024-10-02 17:01:22 INFO Shibboleth.Application : adding AssertionConsumerService for Binding (urn:oasis:names:tc:SAML:2.0:bindings:HTTP-POST) at (/SAML2/POST)
2024-10-02 17:01:22 INFO Shibboleth.Application : adding AssertionConsumerService for Binding (urn:oasis:names:tc:SAML:2.0:bindings:HTTP-POST-SimpleSign) at (/SAML2/POST-SimpleSign)
2024-10-02 17:01:22 INFO Shibboleth.Application : adding AssertionConsumerService for Binding (urn:oasis:names:tc:SAML:2.0:bindings:HTTP-Artifact) at (/SAML2/Artifact)
2024-10-02 17:01:22 INFO Shibboleth.Application : adding AssertionConsumerService for Binding (urn:oasis:names:tc:SAML:2.0:bindings:PAOS) at (/SAML2/ECP)
2024-10-02 17:01:22 INFO Shibboleth.Application : adding SessionInitiator of type (SAMLDS) to chain (/Login)
2024-10-02 17:01:22 INFO Shibboleth.Application : auto-configuring Logout initiation for protocol (SAML2)
2024-10-02 17:01:22 INFO Shibboleth.Application : adding LogoutInitiator of type (SAML2) to chain (/Logout)
2024-10-02 17:01:22 INFO Shibboleth.Application : auto-configuring Logout endpoints for protocol (SAML2)
2024-10-02 17:01:22 INFO Shibboleth.Application : adding SingleLogoutService for Binding (urn:oasis:names:tc:SAML:2.0:bindings:SOAP) at (/SLO/SOAP)
2024-10-02 17:01:22 INFO Shibboleth.Application : adding SingleLogoutService for Binding (urn:oasis:names:tc:SAML:2.0:bindings:HTTP-Redirect) at (/SLO/Redirect)
2024-10-02 17:01:22 INFO Shibboleth.Application : adding SingleLogoutService for Binding (urn:oasis:names:tc:SAML:2.0:bindings:HTTP-POST) at (/SLO/POST)
2024-10-02 17:01:22 INFO Shibboleth.Application : adding SingleLogoutService for Binding (urn:oasis:names:tc:SAML:2.0:bindings:HTTP-Artifact) at (/SLO/Artifact)
2024-10-02 17:01:22 INFO Shibboleth.Application : auto-configuring Logout initiation for protocol (Local)
2024-10-02 17:01:22 INFO Shibboleth.Application : adding LogoutInitiator of type (Local) to chain (/Logout)
2024-10-02 17:01:22 WARN Shibboleth.DEPRECATION : MetadataGenerator handler
2024-10-02 17:01:22 INFO Shibboleth.Handler.DiscoveryFeed : feed files will be cached in C:/Users/BrendonK/Desktop/electionCapping24/backend/shibboleth-sp/var/cache/shibboleth/
2024-10-02 17:01:22 WARN Shibboleth.Application : no MetadataProvider available, configure at least one for standard SSO usage
2024-10-02 17:01:22 INFO Shibboleth.Application : no TrustEngine specified or installed, using default of ExplicitKey
2024-10-02 17:01:22 INFO Shibboleth.Application : building AttributeExtractor of type XML...
2024-10-02 17:01:22 INFO Shibboleth.AttributeExtractor.XML : loaded XML resource (C:/Users/BrendonK/Desktop/electionCapping24/backend/shibboleth-sp/etc/shibboleth/attribute-map.xml)
2024-10-02 17:01:22 INFO Shibboleth.AttributeExtractor.XML : creating mapping for Attribute urn:oasis:names:tc:SAML:attribute:subject-id
2024-10-02 17:01:22 INFO Shibboleth.AttributeExtractor.XML : creating mapping for Attribute urn:oasis:names:tc:SAML:attribute:pairwise-id
2024-10-02 17:01:22 INFO Shibboleth.AttributeExtractor.XML : creating mapping for Attribute urn:oid:1.3.6.1.4.1.5923.1.1.1.6
2024-10-02 17:01:22 INFO Shibboleth.AttributeExtractor.XML : creating mapping for Attribute urn:mace:dir:attribute-def:eduPersonPrincipalName
2024-10-02 17:01:22 INFO Shibboleth.AttributeExtractor.XML : creating mapping for Attribute urn:oid:1.3.6.1.4.1.5923.1.1.1.9
2024-10-02 17:01:22 INFO Shibboleth.AttributeExtractor.XML : creating mapping for Attribute urn:mace:dir:attribute-def:eduPersonScopedAffiliation
2024-10-02 17:01:22 INFO Shibboleth.AttributeExtractor.XML : creating mapping for Attribute urn:oid:1.3.6.1.4.1.5923.1.1.1.7
2024-10-02 17:01:22 INFO Shibboleth.AttributeExtractor.XML : creating mapping for Attribute urn:mace:dir:attribute-def:eduPersonEntitlement
2024-10-02 17:01:22 INFO Shibboleth.AttributeExtractor.XML : creating mapping for Attribute urn:oid:1.3.6.1.4.1.5923.1.1.1.10
2024-10-02 17:01:22 INFO Shibboleth.AttributeExtractor.XML : creating mapping for Attribute urn:oasis:names:tc:SAML:2.0:nameid-format:persistent
2024-10-02 17:01:22 INFO Shibboleth.Application : building AttributeFilter of type XML...
2024-10-02 17:01:22 INFO Shibboleth.AttributeFilter : loaded XML resource (C:/Users/BrendonK/Desktop/electionCapping24/backend/shibboleth-sp/etc/shibboleth/attribute-policy.xml)
2024-10-02 17:01:22 INFO Shibboleth.Application : multiple CredentialResolver plugins, wrapping in a chain
2024-10-02 17:01:22 INFO Shibboleth.Application : building CredentialResolver of type Chaining...
2024-10-02 17:01:22 INFO XMLTooling.CredentialResolver.Chaining : building CredentialResolver of type File
2024-10-02 17:01:22 INFO XMLTooling.SecurityHelper : loading private key from file (C:/Users/BrendonK/Desktop/electionCapping24/backend/shibboleth-sp/etc/shibboleth/sp-signing-key.pem)
2024-10-02 17:01:22 INFO XMLTooling.SecurityHelper : loading certificate(s) from file (C:/Users/BrendonK/Desktop/electionCapping24/backend/shibboleth-sp/etc/shibboleth/sp-signing-cert.pem)
2024-10-02 17:01:22 INFO XMLTooling.CredentialResolver.Chaining : building CredentialResolver of type File
2024-10-02 17:01:22 INFO XMLTooling.SecurityHelper : loading private key from file (C:/Users/BrendonK/Desktop/electionCapping24/backend/shibboleth-sp/etc/shibboleth/sp-encrypt-key.pem)
2024-10-02 17:01:22 INFO XMLTooling.SecurityHelper : loading certificate(s) from file (C:/Users/BrendonK/Desktop/electionCapping24/backend/shibboleth-sp/etc/shibboleth/sp-encrypt-cert.pem)
2024-10-02 17:01:22 INFO Shibboleth.shibd : daemon service startup complete
2024-10-02 17:01:22 INFO Shibboleth.Listener : listener service starting
2024-10-02 17:25:37 INFO Shibboleth.shibd : daemon service stopping...
2024-10-02 17:25:40 INFO Shibboleth.Listener : listener service shutting down
2024-10-02 17:25:40 INFO Shibboleth.Config : shibboleth 3.4.1 library shutting down
2024-10-02 17:25:40 INFO XMLTooling.StorageService : cleanup thread finished
2024-10-02 17:25:40 INFO XMLTooling.Config : xmltooling 3.2.4 library shutdown complete
2024-10-03 08:05:25 INFO XMLTooling.Config : xmltooling 3.2.4 library initialization complete
2024-10-03 08:05:25 INFO OpenSAML.Config : opensaml 3.2.1 library initialization complete
2024-10-03 08:05:26 INFO Shibboleth.Config : shibboleth 3.4.1 library initialization complete
2024-10-03 08:05:26 INFO Shibboleth.Config : loaded XML resource (C:/Users/BrendonK/Desktop/electionCapping24/backend/shibboleth-sp/etc/shibboleth/shibboleth2.xml)
2024-10-03 08:05:26 INFO Shibboleth.Config : Shibboleth SP Version 3.4.1
2024-10-03 08:05:26 INFO Shibboleth.Config : Library versions: log4shib 2.0.1, Xerces-C 3.2.4, XML-Security-C 2.0.4, XMLTooling-C 3.2.4, OpenSAML-C 3.2.1, Shibboleth 3.4.1
2024-10-03 08:05:26 INFO Shibboleth.Config : building ListenerService of type TCPListener...
2024-10-03 08:05:26 INFO Shibboleth.Listener : using socket address: 127.0.0.1
2024-10-03 08:05:26 INFO Shibboleth.Listener : using socket port: 1600
2024-10-03 08:05:26 INFO Shibboleth.Config : no StorageService plugin(s) installed, using (mem) in-memory instance
2024-10-03 08:05:26 INFO Shibboleth.Config : no ReplayCache specified, using arbitrary StorageService instance
2024-10-03 08:05:26 INFO Shibboleth.Config : no ArtifactMap specified, building in-memory ArtifactMap...
2024-10-03 08:05:26 INFO Shibboleth.Config : no SessionCache specified, using StorageService-backed instance
2024-10-03 08:05:26 INFO Shibboleth.SessionCache : bound to arbitrary StorageService
2024-10-03 08:05:26 INFO Shibboleth.SessionCache : StorageService for 'lite' use not set, using standard StorageService
2024-10-03 08:05:26 INFO Shibboleth.Config : building SecurityPolicyProvider of type XML...
2024-10-03 08:05:26 INFO Shibboleth.SecurityPolicyProvider.XML : loaded XML resource (C:/Users/BrendonK/Desktop/electionCapping24/backend/shibboleth-sp/etc/shibboleth/security-policy.xml)
2024-10-03 08:05:26 INFO OpenSAML.SecurityPolicyRule.Conditions : building SecurityPolicyRule of type Audience
2024-10-03 08:05:26 INFO OpenSAML.SecurityPolicyRule.MessageFlow : enabling request/response correlation checking to block unsolicited responses
2024-10-03 08:05:26 INFO XMLTooling.StorageService : cleanup thread started...running every 900 seconds
2024-10-03 08:05:26 INFO OpenSAML.SecurityPolicyRule.Conditions : building SecurityPolicyRule of type Audience
2024-10-03 08:05:26 INFO OpenSAML.SecurityPolicyRule.BearerConfirmation : enabling request/response correlation checking to block unsolicited responses
2024-10-03 08:05:26 INFO OpenSAML.SecurityPolicyRule.Conditions : building SecurityPolicyRule of type Audience
2024-10-03 08:05:26 INFO OpenSAML.SecurityPolicyRule.Conditions : building SecurityPolicyRule of type Ignore
2024-10-03 08:05:26 INFO OpenSAML.SecurityPolicyRule.Conditions : building SecurityPolicyRule of type Ignore
2024-10-03 08:05:26 INFO OpenSAML.SecurityPolicyRule.Conditions : building SecurityPolicyRule of type Ignore
2024-10-03 08:05:26 INFO Shibboleth.Config : automatically excluding security algorithm (http://www.w3.org/2001/04/xmldsig-more#rsa-md5)
2024-10-03 08:05:26 INFO Shibboleth.Config : automatically excluding security algorithm (http://www.w3.org/2001/04/xmldsig-more#md5)
2024-10-03 08:05:26 INFO Shibboleth.Config : automatically excluding security algorithm (http://www.w3.org/2001/04/xmlenc#rsa-1_5)
2024-10-03 08:05:26 INFO Shibboleth.Config : building ProtocolProvider of type XML...
2024-10-03 08:05:26 INFO Shibboleth.ProtocolProvider.XML : loaded XML resource (C:/Users/BrendonK/Desktop/electionCapping24/backend/shibboleth-sp/etc/shibboleth/protocols.xml)
2024-10-03 08:05:26 INFO Shibboleth.Application : auto-configuring SSO initiation for protocol (SAML2)
2024-10-03 08:05:26 INFO Shibboleth.Application : adding SessionInitiator of type (SAML2) to chain (/Login)
2024-10-03 08:05:26 INFO Shibboleth.Application : auto-configuring ArtifactResolution endpoints for protocol (SAML2)
2024-10-03 08:05:26 INFO Shibboleth.Application : adding ArtifactResolutionService for Binding (urn:oasis:names:tc:SAML:2.0:bindings:SOAP) at (/Artifact/SOAP)
2024-10-03 08:05:26 INFO Shibboleth.Application : auto-configuring SSO endpoints for protocol (SAML2)
2024-10-03 08:05:26 INFO Shibboleth.Application : adding AssertionConsumerService for Binding (urn:oasis:names:tc:SAML:2.0:bindings:HTTP-POST) at (/SAML2/POST)
2024-10-03 08:05:26 INFO Shibboleth.Application : adding AssertionConsumerService for Binding (urn:oasis:names:tc:SAML:2.0:bindings:HTTP-POST-SimpleSign) at (/SAML2/POST-SimpleSign)
2024-10-03 08:05:26 INFO Shibboleth.Application : adding AssertionConsumerService for Binding (urn:oasis:names:tc:SAML:2.0:bindings:HTTP-Artifact) at (/SAML2/Artifact)
2024-10-03 08:05:26 INFO Shibboleth.Application : adding AssertionConsumerService for Binding (urn:oasis:names:tc:SAML:2.0:bindings:PAOS) at (/SAML2/ECP)
2024-10-03 08:05:26 INFO Shibboleth.Application : adding SessionInitiator of type (SAMLDS) to chain (/Login)
2024-10-03 08:05:26 INFO Shibboleth.Application : auto-configuring Logout initiation for protocol (SAML2)
2024-10-03 08:05:26 INFO Shibboleth.Application : adding LogoutInitiator of type (SAML2) to chain (/Logout)
2024-10-03 08:05:26 INFO Shibboleth.Application : auto-configuring Logout endpoints for protocol (SAML2)
2024-10-03 08:05:26 INFO Shibboleth.Application : adding SingleLogoutService for Binding (urn:oasis:names:tc:SAML:2.0:bindings:SOAP) at (/SLO/SOAP)
2024-10-03 08:05:26 INFO Shibboleth.Application : adding SingleLogoutService for Binding (urn:oasis:names:tc:SAML:2.0:bindings:HTTP-Redirect) at (/SLO/Redirect)
2024-10-03 08:05:26 INFO Shibboleth.Application : adding SingleLogoutService for Binding (urn:oasis:names:tc:SAML:2.0:bindings:HTTP-POST) at (/SLO/POST)
2024-10-03 08:05:26 INFO Shibboleth.Application : adding SingleLogoutService for Binding (urn:oasis:names:tc:SAML:2.0:bindings:HTTP-Artifact) at (/SLO/Artifact)
2024-10-03 08:05:26 INFO Shibboleth.Application : auto-configuring Logout initiation for protocol (Local)
2024-10-03 08:05:26 INFO Shibboleth.Application : adding LogoutInitiator of type (Local) to chain (/Logout)
2024-10-03 08:05:26 WARN Shibboleth.DEPRECATION : MetadataGenerator handler
2024-10-03 08:05:26 INFO Shibboleth.Handler.DiscoveryFeed : feed files will be cached in C:/Users/BrendonK/Desktop/electionCapping24/backend/shibboleth-sp/var/cache/shibboleth/
2024-10-03 08:05:26 WARN Shibboleth.Application : no MetadataProvider available, configure at least one for standard SSO usage
2024-10-03 08:05:26 INFO Shibboleth.Application : no TrustEngine specified or installed, using default of ExplicitKey
2024-10-03 08:05:26 INFO Shibboleth.Application : building AttributeExtractor of type XML...
2024-10-03 08:05:26 INFO Shibboleth.AttributeExtractor.XML : loaded XML resource (C:/Users/BrendonK/Desktop/electionCapping24/backend/shibboleth-sp/etc/shibboleth/attribute-map.xml)
2024-10-03 08:05:26 INFO Shibboleth.AttributeExtractor.XML : creating mapping for Attribute urn:oasis:names:tc:SAML:attribute:subject-id
2024-10-03 08:05:26 INFO Shibboleth.AttributeExtractor.XML : creating mapping for Attribute urn:oasis:names:tc:SAML:attribute:pairwise-id
2024-10-03 08:05:26 INFO Shibboleth.AttributeExtractor.XML : creating mapping for Attribute urn:oid:1.3.6.1.4.1.5923.1.1.1.6
2024-10-03 08:05:26 INFO Shibboleth.AttributeExtractor.XML : creating mapping for Attribute urn:mace:dir:attribute-def:eduPersonPrincipalName
2024-10-03 08:05:26 INFO Shibboleth.AttributeExtractor.XML : creating mapping for Attribute urn:oid:1.3.6.1.4.1.5923.1.1.1.9
2024-10-03 08:05:26 INFO Shibboleth.AttributeExtractor.XML : creating mapping for Attribute urn:mace:dir:attribute-def:eduPersonScopedAffiliation
2024-10-03 08:05:26 INFO Shibboleth.AttributeExtractor.XML : creating mapping for Attribute urn:oid:1.3.6.1.4.1.5923.1.1.1.7
2024-10-03 08:05:26 INFO Shibboleth.AttributeExtractor.XML : creating mapping for Attribute urn:mace:dir:attribute-def:eduPersonEntitlement
2024-10-03 08:05:26 INFO Shibboleth.AttributeExtractor.XML : creating mapping for Attribute urn:oid:1.3.6.1.4.1.5923.1.1.1.10
2024-10-03 08:05:26 INFO Shibboleth.AttributeExtractor.XML : creating mapping for Attribute urn:oasis:names:tc:SAML:2.0:nameid-format:persistent
2024-10-03 08:05:26 INFO Shibboleth.Application : building AttributeFilter of type XML...
2024-10-03 08:05:26 INFO Shibboleth.AttributeFilter : loaded XML resource (C:/Users/BrendonK/Desktop/electionCapping24/backend/shibboleth-sp/etc/shibboleth/attribute-policy.xml)
2024-10-03 08:05:26 INFO Shibboleth.Application : multiple CredentialResolver plugins, wrapping in a chain
2024-10-03 08:05:26 INFO Shibboleth.Application : building CredentialResolver of type Chaining...
2024-10-03 08:05:26 INFO XMLTooling.CredentialResolver.Chaining : building CredentialResolver of type File
2024-10-03 08:05:26 INFO XMLTooling.SecurityHelper : loading private key from file (C:/Users/BrendonK/Desktop/electionCapping24/backend/shibboleth-sp/etc/shibboleth/sp-signing-key.pem)
2024-10-03 08:05:26 INFO XMLTooling.SecurityHelper : loading certificate(s) from file (C:/Users/BrendonK/Desktop/electionCapping24/backend/shibboleth-sp/etc/shibboleth/sp-signing-cert.pem)
2024-10-03 08:05:26 INFO XMLTooling.CredentialResolver.Chaining : building CredentialResolver of type File
2024-10-03 08:05:26 INFO XMLTooling.SecurityHelper : loading private key from file (C:/Users/BrendonK/Desktop/electionCapping24/backend/shibboleth-sp/etc/shibboleth/sp-encrypt-key.pem)
2024-10-03 08:05:26 INFO XMLTooling.SecurityHelper : loading certificate(s) from file (C:/Users/BrendonK/Desktop/electionCapping24/backend/shibboleth-sp/etc/shibboleth/sp-encrypt-cert.pem)
2024-10-03 08:05:26 INFO Shibboleth.shibd : daemon service startup complete
2024-10-03 08:05:26 INFO Shibboleth.Listener : listener service starting
